[10:11:21] [ServerMain/INFO]: [bootstrap] Running Java 21 (OpenJDK 64-Bit Server VM 21.0.7+6-Ubuntu-0ubuntu120.04; Ubuntu null) on Linux 6.8.0-1027-azure (amd64)
[10:11:21] [ServerMain/INFO]: [bootstrap] Loading Paper 1.21-130-master@b1b5d4c (2024-08-10T10:02:42Z) for Minecraft 1.21
[10:11:21] [ServerMain/INFO]: [PluginInitializerManager] Initializing plugins...
[10:11:21] [ServerMain/INFO]: [PluginInitializerManager] Initialized 0 plugins
[10:11:26] [ServerMain/INFO]: Environment: Environment[sessionHost=https://sessionserver.mojang.com, servicesHost=https://api.minecraftservices.com, name=PROD]
[10:11:28] [ServerMain/INFO]: Loaded 1290 recipes
[10:11:28] [ServerMain/INFO]: Loaded 1399 advancements
[10:11:28] [Server thread/INFO]: Starting minecraft server version 1.21
[10:11:28] [Server thread/INFO]: Loading properties
[10:11:28] [Server thread/INFO]: This server is running Paper version 1.21-130-master@b1b5d4c (2024-08-10T10:02:42Z) (Implementing API version 1.21-R0.1-SNAPSHOT)
[10:11:29] [Server thread/INFO]: [spark] This server bundles the spark profiler. For more information please visit https://docs.papermc.io/paper/profiling
[10:11:29] [Server thread/INFO]: Server Ping Player Sample Count: 12
[10:11:29] [Server thread/INFO]: Using 4 threads for Netty based IO
[10:11:30] [Server thread/INFO]: [ChunkTaskScheduler] Chunk system is using 1 I/O threads, 1 worker threads, and population gen parallelism of 1 threads
[10:11:30] [Server thread/INFO]: Default game type: SURVIVAL
[10:11:30] [Server thread/INFO]: Generating keypair
[10:11:30] [Server thread/INFO]: Starting Minecraft server on *:25565
[10:11:30] [Server thread/INFO]: Using epoll channel type
[10:11:30] [Server thread/INFO]: Paper: Using libdeflate (Linux x86_64) compression from Velocity.
[10:11:30] [Server thread/INFO]: Paper: Using OpenSSL 1.1.x (Linux x86_64) cipher from Velocity.
[10:11:30] [Server thread/INFO]: Server permissions file permissions.yml is empty, ignoring it
[10:11:30] [Server thread/WARN]: **** SERVER IS RUNNING IN OFFLINE/INSECURE MODE!
[10:11:30] [Server thread/WARN]: The server will make no attempt to authenticate usernames. Beware.
[10:11:30] [Server thread/WARN]: While this makes the game possible to play without internet access, it also opens up the ability for hackers to connect with any username they choose.
[10:11:30] [Server thread/WARN]: To change this, set "online-mode" to "true" in the server.properties file.
[10:11:30] [Server thread/INFO]: Preparing level "world"
[10:11:30] [Server thread/INFO]: Preparing start region for dimension minecraft:overworld
[10:11:32] [Server thread/INFO]: Time elapsed: 1220 ms
[10:11:32] [Server thread/INFO]: Preparing start region for dimension minecraft:the_nether
[10:11:32] [Server thread/INFO]: Time elapsed: 228 ms
[10:11:32] [Server thread/INFO]: Preparing start region for dimension minecraft:the_end
[10:11:32] [Server thread/INFO]: Time elapsed: 147 ms
[10:11:32] [Server thread/INFO]: [spark] Starting background profiler...
[10:11:32] [Server thread/INFO]: Done preparing level "world" (2.380s)
[10:11:32] [Server thread/INFO]: Running delayed init tasks
[10:11:32] [Server thread/INFO]: Done (12.275s)! For help, type "help"
[10:11:32] [Server thread/INFO]: Timings Reset
[10:11:43] [User Authenticator #0/INFO]: UUID of player Rxtired_ is f6309964-d337-3f14-95da-89505aae842b
[10:11:46] [Server thread/INFO]: Rxtired_ joined the game
[10:11:46] [Server thread/INFO]: Rxtired_[/127.85.240.97:42831] logged in with entity id 31 at ([world]-41.5, 63.0, -88.5)
[10:12:44] [Server thread/INFO]: Made Rxtired_ a server operator
[10:12:54] [Server thread/INFO]: Rxtired_ issued server command: /gamemode creative
[10:12:54] [Server thread/INFO]: [Rxtired_: Set own game mode to Creative Mode]
[10:15:09] [Server thread/INFO]: Rxtired_ lost connection: Disconnected
[10:15:09] [Server thread/INFO]: Rxtired_ left the game
[10:15:15] [User Authenticator #1/INFO]: UUID of player Rxtired_ is f6309964-d337-3f14-95da-89505aae842b
[10:15:17] [Server thread/INFO]: Rxtired_ joined the game
[10:15:17] [Server thread/INFO]: Rxtired_[/127.85.240.97:43959] logged in with entity id 820 at ([world]17.987761860998898, 76.2771968917138, -120.54726278431698)
